0:100  0:100  MemLog inited, TSC freq: 2304045880
0:100  0:000  CPU was calibrated with RTC
0:100  0:000  LegacyRegion2: Chipset/proc: 0x19108086
0:100  0:000   Unknown chipset
0:100  0:000   Test PAM1=(0x41=90, 0x5a=F0, 0x81=11, 0x91=00) at chipset 19108086
0:100  0:000  , Chipset not detected - exiting
0:134  0:034  BiosVideoDriverBindingStart!
0:134  0:000  BiosVideoCheckForVbe
0:134  0:000  EdidOverride not found
0:137  0:002   Edid1+
0:137  0:000   found Detail Timing 1920x1080
0:137  0:000   found Detail Timing 1920x1080
0:137  0:000  timing string after 0xFE:YHDGT€NV15N41
0:139  0:002   Edid0+
0:139  0:000   found Detail Timing 1920x1080
0:139  0:000  ... already present
0:139  0:000   found Detail Timing 1920x1080
0:139  0:000  ... already present
0:139  0:000  timing string after 0xFE:YHDGT€NV15N41
0:139  0:000     0 1280x1024 attr=9B - ok, edid-
0:140  0:000     1 1024x768 attr=9B - ok, edid-, 1024x768, working, highest, pref=1
0:140  0:000     2 640x480 attr=9B - ok, edid-, 640x480, working
0:140  0:000     3 800x600 attr=9B - ok, edid-, 800x600, working
0:141  0:000     4 1920x1080 attr=9B - ok, edid+, working, highest, pref=4
0:141  0:000  BV new mode: 4 1920x1080
0:432  0:291   SetMode pref 4 (4) = Success
0:659  0:226  Found supported controller for BiosBlockIO class=010601
0:659  0:000  Int13Extensions: INT 13 41 DL=80 : CF=0 BX=AA55 CX=0001
0:659  0:000  GetDriveParameters: INT 13 48 DL=80 : CF=0 AH=00
0:659  0:000  BlockSize = 512  LastBlock = 976773167
0:659  0:000  Int13Extensions: INT 13 41 DL=81 : CF=0 BX=AA55 CX=0001
0:660  0:000  GetDriveParameters: INT 13 48 DL=81 : CF=0 AH=00
0:660  0:000  BlockSize = 512  LastBlock = 250069679
0:987  0:327  
0:987  0:000  Now is 11.5.2018,  9:54:7 (GMT)
0:987  0:000  Starting Clover revision: 4423.RM-4614.23304(cf0897a3.8907451b54)  on CLOVER EFI
0:987  0:000  Build with: [Args: -mc --no-usb -D NO_GRUB_DRIVERS_EMBEDDED -t XCODE8 | -D DISABLE_USB_SUPPORT -D NO_GRUB_DRIVERS_EMBEDDED -D USE_BIOS_BLOCKIO -D USE_LOW_EBDA -a X64 -b RELEASE -t XCODE8 -n 9 | OS: 10.13.4 | XCODE: 9.3]
0:987  0:000  SelfDevicePath=PcieRoot(0x0)\Pci(0x17,0x0)\VenHw(CF31FAC5-C24E-11D2-85F3-00A0C93EC93B,81)\HD(1,GPT,1B37E65D-26E2-4871-8877-A487BC34C86E,0x800,0x64000) @70088118
0:987  0:000  SelfDirPath = \EFI\CLOVER
0:987  0:000  === [ Get Smbios ] ========================================
0:988  0:000  Type 16 Index = 0
0:988  0:000  Total Memory Slots Count = 2
0:988  0:000  Type 17 Index = 0
0:988  0:000  SmbiosTable.Type17->Speed = 1600MHz
0:988  0:000  SmbiosTable.Type17->Size = 8192MB
0:988  0:000  SmbiosTable.Type17->Bank/Device = BANK 0 ChannelA-DIMM0
0:988  0:000  SmbiosTable.Type17->Vendor = 859B0000802C
0:988  0:000  SmbiosTable.Type17->SerialNumber = 22395657
0:988  0:000  SmbiosTable.Type17->PartNumber = CT102464BF160B.C16
0:988  0:000  Type 17 Index = 1
0:988  0:000  SmbiosTable.Type17->Speed = 1600MHz
0:988  0:000  SmbiosTable.Type17->Size = 4096MB
0:988  0:000  SmbiosTable.Type17->Bank/Device = BANK 2 ChannelB-DIMM0
0:988  0:000  SmbiosTable.Type17->Vendor = 802C0000802C
0:988  0:000  SmbiosTable.Type17->SerialNumber = 20113218
0:988  0:000  SmbiosTable.Type17->PartNumber = 8KTF51264HZ-1G6P1 
0:988  0:000  Boot status=0
0:988  0:000  Running on: 'Inspiron 7559' with board '0H87XC'
0:988  0:000  === [ GetCPUProperties ] ==================================
0:988  0:000  CPU Vendor = 756E6547 Model=506E3
0:988  0:000   The CPU supported SSE4.1
0:988  0:000  BrandString = Intel(R) Core(TM) i5-6300HQ CPU @ 2.30GHz
0:988  0:000   The CPU supported turbo
0:988  0:000  MSR 0x35               40004
0:988  0:000   TSC/CCC Information Leaf:
0:988  0:000    numerator     : 192
0:988  0:000    denominator   : 2
0:988  0:000   Calibrated ARTFrequency: 24000477
0:988  0:000  MSR 0xE2 before patch 1E008006
0:988  0:000  MSR 0xE2 is locked, PM patches will be turned on
0:988  0:000  MSR 0xCE              0008083B_F1011700
0:988  0:000  corrected FLEX_RATIO = 0
0:988  0:000  MSR 0x1B0             00000000
0:988  0:000  FSBFrequency = 96 MHz, DMI FSBFrequency = 100 MHz, Corrected FSBFrequency = 100 MHz
0:988  0:000  MaxDiv/MinDiv: 23.0/8
0:988  0:000  Turbo: 28/29/30/32
0:988  0:000  Features: 0xBFEBFBFF
0:988  0:000  Threads: 4
0:988  0:000  Cores: 4
0:988  0:000  FSB: 100 MHz
0:988  0:000  CPU: 2200 MHz
0:988  0:000  TSC: 2200 MHz
0:988  0:000  PIS: 100 MHz
0:988  0:000  ExternalClock: 25 MHz
0:988  0:000  === [ GetDevices ] ========================================
0:988  0:000  PCI (00|00:00.00) : 8086 1910 class=060000
0:988  0:000  PCI (00|00:01.00) : 8086 1901 class=060400
0:988  0:000  PCI (00|00:01.01) : 8086 1905 class=060400
0:988  0:000  PCI (00|02:00.00) : 10DE 139B class=030200
0:988  0:000  PCI (00|00:02.00) : 8086 191B class=030000
0:988  0:000   - GFX: Model=Intel HD Graphics 530 (Intel)
0:988  0:000  PCI (00|00:04.00) : 8086 1903 class=118000
0:988  0:000  PCI (00|00:14.00) : 8086 A12F class=0C0330
0:988  0:000  PCI (00|00:14.02) : 8086 A131 class=118000
0:988  0:000  PCI (00|00:15.00) : 8086 A160 class=118000
0:988  0:000  PCI (00|00:16.00) : 8086 A13A class=078000
0:988  0:000  PCI (00|00:17.00) : 8086 A103 class=010601
0:988  0:000  PCI (00|00:1C.00) : 8086 A110 class=060400
0:988  0:000  PCI (00|00:1C.04) : 8086 A114 class=060400
0:988  0:000  PCI (00|04:00.00) : 10EC 8168 class=020000
0:988  0:000   - LAN: 0 Vendor=Realtek
0:988  0:000  PCI (00|00:1C.05) : 8086 A115 class=060400
0:988  0:000  PCI (00|05:00.00) : 14E4 43B1 class=028000
0:988  0:000   - WIFI: Vendor=Broadcom
0:988  0:000  PCI (00|00:1C.06) : 8086 A116 class=060400
0:988  0:000  PCI (00|06:00.00) : 10EC 522A class=FF0000
0:988  0:000  PCI (00|00:1F.00) : 8086 A14E class=060100
0:988  0:000  PCI (00|00:1F.02) : 8086 A121 class=058000
0:988  0:000  PCI (00|00:1F.03) : 8086 A170 class=040300
0:988  0:000  PCI (00|00:1F.04) : 8086 A123 class=0C0500
0:988  0:000  === [ GetDefaultSettings ] ================================
0:988  0:000  Clover load options size = 0 bytes
0:991  0:003  EFI\CLOVER\config.plist loaded: Success
0:991  0:000  === [ GetListOfThemes ] ===================================
0:992  0:000  - [00]: BGM
0:994  0:001  - [01]: embedded
0:994  0:000  - [01]: random
0:994  0:000  - [01]: Simple
0:996  0:001  === [ Found config plists ] ===============================
0:996  0:000  - config.plist
0:996  0:000  === [ GetEarlyUserSettings ] ==============================
0:996  0:000  timeout set to 3
0:996  0:000  Custom boot CUSTOM_BOOT_DISABLED (0x0)
0:996  0:000  KextsToPatch: 8 requested
0:996  0:000   - [00]: com.apple.iokit.IOAHCIBlockStorage (Enable TRIM for SSD) :: BinPatch :: data len: 11
0:996  0:000   - [01]: com.apple.driver.AirPort.Brcm4360 (AirPortBrcm4360 - fcvo, 10.12.x (credit the-darkvoid)) :: BinPatch :: data len: 8
0:996  0:000   - [02]: AppleHDA (NoLabel) :: BinPatch :: data len: 4
0:996  0:000   - [03]: AppleHDA (NoLabel) :: BinPatch :: data len: 4
0:996  0:000   - [04]: AppleHDA (NoLabel) :: BinPatch :: data len: 4
0:996  0:000   - [05]: AppleHDA (NoLabel) :: BinPatch :: data len: 4
0:996  0:000   - [06]: AppleHDA (NoLabel) :: BinPatch :: data len: 4
0:996  0:000   - [07]: com.apple.driver.AppleBacklight (change F%uT%04x to F%uTxxxx in AppleBacklightInjector.kext (credit RehabMan)) :: BinPatch :: data len: 9
0:996  0:000  KernelToPatch: 3 requested
0:996  0:000   - [00]: MSR 0xE2 _xcpm_idle instant reboot(c) Pike R. Alpha :: MatchOS: 10.12.x :: data len: 8
0:996  0:000   - [01]: Disable panic kext logging on 10.13 debug kernel (credit Vandroiy) :: MatchOS: 10.13.x :: data len: 6
0:996  0:000   - [02]: Disable panic kext logging on 10.13 release kernel (credit Vandroiy) :: MatchOS: 10.13.x :: data len: 6
0:996  0:000  Default theme: Simple
0:996  0:000  Hiding entries with string Preboot
0:996  0:000  === [ LoadDrivers ] =======================================
0:997  0:000  Loading apfs.efi  status=Success
1:000  0:003   - driver needs connecting
1:000  0:000  Loading HFSPlus.efi  status=Success
1:000  0:000   - driver needs connecting
1:000  0:000  2 drivers needs connecting ...
1:000  0:000  PlatformDriverOverrideProtocol->GetDriver overriden
1:000  0:000  HFS+ driver loaded
1:000  0:000  APFS driver loaded
1:035  0:034  === [ InitScreen ] ========================================
1:035  0:000  SetScreenResolution: 1920x1080 - already set
1:035  0:000  Console modes reported: 4, available modes:
1:035  0:000   - [01]: 80x25
1:035  0:000   - [02]: 80x50
1:035  0:000   - [03]: 100x31
1:035  0:000   - [04]: 240x56 (current mode)
1:035  0:000  SetScreenResolution: 1920x1080 - already set
1:035  0:000  reinit: self device path=PcieRoot(0x0)\Pci(0x17,0x0)\VenHw(CF31FAC5-C24E-11D2-85F3-00A0C93EC93B,81)\HD(1,GPT,1B37E65D-26E2-4871-8877-A487BC34C86E,0x800,0x64000)
1:036  0:000  Using embedded font: Success
1:037  0:001  === [ GetMacAddress ] =====================================
1:037  0:000  === [ ScanSPD ] ===========================================
1:038  0:000  SMBus device : 8086 A123 class=0C0500 status=Success
1:038  0:000  SMBus CmdReg: 0x3
1:038  0:000  Scanning SMBus [8086:A123], mmio: 0xDF132004, ioport: 0xF040, hostc: 0x11
1:038  0:000  Slots to scan [8]...
1:038  0:000  SPD[0]: Type 11 @0x50
1:057  0:018  Not using XMP because it is not present
1:057  0:000  DDR speed 1600MHz
1:057  0:000  Slot: 0 Type 24 8192MB 1600MHz Vendor=Crucial Technology PartNo=CT102464BF160B.C16 SerialNo=0E00020703080309
1:057  0:000  SPD[2]: Type 11 @0x52
1:076  0:018  Not using XMP because it is not present
1:076  0:000  DDR speed 1600MHz
1:076  0:000  Slot: 2 Type 24 4096MB 1600MHz Vendor=Micron Technology PartNo=8KTF51264HZ-1G6P1P1 SerialNo=0104000B02000B07
1:077  0:000  === [ GetAcpiTablesList ] =================================
1:077  0:000  Get Acpi Tables List from RSDT:
1:077  0:000   - [00]: FACP  QA09    len=132
1:077  0:000   - [01]: APIC  QA09    len=132
1:077  0:000   - [02]: FPDT  QA09    len=68
1:077  0:000   - [03]: FIDT  QA09    len=156
1:077  0:000   - [04]: MCFG  QA09 len=60
1:077  0:000   - [05]: HPET  QA09 len=56
1:077  0:000   - [06]: SSDT  SataTabl len=789
1:077  0:000   - [07]: LPIT  SKL len=148
1:077  0:000   - [08]: SSDT  sensrhub len=584
1:077  0:000   - [09]: SSDT  PtidDevc len=3793
1:077  0:000   - [10]: SSDT  Ther_Rvp len=3141
1:077  0:000   - [11]: DBGP   len=52
1:077  0:000   - [12]: DBG2   len=84
1:077  0:000   - [13]: SSDT  DptfTabl len=13782
1:077  0:000   - [14]: BOOT  QA09     len=40
1:077  0:000   - [15]: SLIC  QA09    len=374
1:077  0:000   - [16]: SSDT  SaSsdt  len=21430
1:077  0:000   - [17]: UEFI   len=66
1:077  0:000   - [18]: MSDM  QA09    len=85
1:077  0:000   - [19]: SSDT  CpuSsdt len=3672
1:077  0:000   - [20]: SSDT  SgPeg len=209
1:077  0:000   - [21]: DMAR  SKL  len=204
1:077  0:000   - [22]: SSDT  OptTabl len=6655
1:077  0:000  Calibrated TSC Frequency = 2304045880 = 2304MHz
1:077  0:000  === [ GetUserSettings ] ===================================
1:077  0:000  USB FixOwnership: yes
1:077  0:000  Dropping 2 tables:
1:077  0:000   - [00]: Drop table  signature="#MCF" (46434D23)
1:077  0:000           - set table: 46434D23,                0 to drop: no
1:077  0:000   - [01]: Drop table  signature="DMAR" (52414D44)
1:077  0:000           - set table: 52414D44,                0 to drop: yes
1:077  0:000   - final DSDT Fix mask=00260050
1:077  0:000  PatchesDSDT: 7 requested
1:077  0:000   - [00]: (change _DSM to XDSM) lenToFind: 4, lenToReplace: 4, Target Bridge: <null string>
1:077  0:000   - [01]: (change _OSI to XOSI, pair with SSDT-XOSI.aml) lenToFind: 4, lenToReplace: 4, Target Bridge: <null string>
1:077  0:000   - [02]: (change GFX0 to IGPU, optionally pair with SSDT-IGPU.aml) lenToFind: 4, lenToReplace: 4, Target Bridge: <null string>
1:077  0:000   - [03]: (change HDAS to HDEF, optionally pair with SSDT-HDEF.aml) lenToFind: 4, lenToReplace: 4, Target Bridge: <null string>
1:077  0:000   - [04]: (change Method(GPRW,2,N) to XPRW, pair with SSDT-GPRW.aml) lenToFind: 5, lenToReplace: 5, Target Bridge: <null string>
1:077  0:000   - [05]: (change Method (_BIF > Method (XBIF, pair with SSDT-BATT.aml) lenToFind: 4, lenToReplace: 4, Target Bridge: <null string>
1:077  0:000   - [06]: (change Method (_BST > Method (XBST, pair with SSDT-BATT.aml) lenToFind: 4, lenToReplace: 4, Target Bridge: <null string>
1:077  0:000  Using ProductName from config: MacBookPro13,1
1:077  0:000  Found same BiosVersion in clover and config
1:077  0:000  BiosVersion: MBP131.88Z.0219.B00.1802081001
1:077  0:000  BiosReleaseDate: 02/08/2018
1:077  0:000  Using FirmwareFeatures from config: 0xFC0FE137
1:077  0:000  Using FirmwareFeaturesMask from config: 0xFF1FFF3F
1:077  0:000  Board-ID set from config as Mac-473D31EABEB93F9B
1:077  0:000  BoardType: 0xA
1:077  0:000  ChassisType: 0x9
1:077  0:000  Converted CustomUUID 513D1C0F-9DD5-48CE-ABFC-3DCF53EE8CE7
1:158  0:080  === [ ScanVolumes ] =======================================
1:158  0:000  Found 10 volumes with blockIO
1:158  0:000  - [00]: Volume: PcieRoot(0x0)\Pci(0x17,0x0)\VenHw(CF31FAC5-C24E-11D2-85F3-00A0C93EC93B,80)
1:159  0:000          Result of bootcode detection: bootable unknown (legacy)
1:159  0:000  - [01]: Volume: PcieRoot(0x0)\Pci(0x17,0x0)\VenHw(CF31FAC5-C24E-11D2-85F3-00A0C93EC93B,81)
1:159  0:000  - [02]: Volume: PcieRoot(0x0)\Pci(0x17,0x0)\VenHw(CF31FAC5-C24E-11D2-85F3-00A0C93EC93B,80)\HD(1,GPT,6915CD2D-2D89-4DA8-BE43-C8E367B9A60C,0x28,0x64000)
1:159  0:000          Result of bootcode detection: bootable unknown (legacy)
1:159  0:000  - [03]: Volume: PcieRoot(0x0)\Pci(0x17,0x0)\VenHw(CF31FAC5-C24E-11D2-85F3-00A0C93EC93B,80)\HD(2,GPT,5C41BE84-534B-4611-B19F-F985AA2C0AFB,0x64028,0xC78D130)
1:160  0:000          Result of bootcode detection: bootable Windows (vista,win)
1:160  0:000  - [04]: Volume: PcieRoot(0x0)\Pci(0x17,0x0)\VenHw(CF31FAC5-C24E-11D2-85F3-00A0C93EC93B,80)\HD(3,GPT,5DA75D41-AFD6-4163-85D1-1B9F24C13268,0xC7F1958,0x2DB93908)
1:167  0:007          Result of bootcode detection: bootable Windows (vista,win)
1:167  0:000  - [05]: Volume: PcieRoot(0x0)\Pci(0x17,0x0)\VenHw(CF31FAC5-C24E-11D2-85F3-00A0C93EC93B,81)\HD(1,GPT,1B37E65D-26E2-4871-8877-A487BC34C86E,0x800,0x64000)
1:168  0:000          Result of bootcode detection: bootable Windows (win)
1:168  0:000          This is SelfVolume !!
1:168  0:000  - [06]: Volume: PcieRoot(0x0)\Pci(0x17,0x0)\VenHw(CF31FAC5-C24E-11D2-85F3-00A0C93EC93B,81)\HD(2,GPT,29505F4F-B86A-4AA7-B0E9-1D6B8B57D104,0x64800,0x8000)
1:168  0:000  - [07]: Volume: PcieRoot(0x0)\Pci(0x17,0x0)\VenHw(CF31FAC5-C24E-11D2-85F3-00A0C93EC93B,81)\HD(3,GPT,C9FAE4E0-AF03-4654-AA49-877C48301AB2,0x6C800,0x76DF000)
1:168  0:000          Result of bootcode detection: bootable Windows (vista,win)
1:168  0:000  - [08]: Volume: PcieRoot(0x0)\Pci(0x17,0x0)\VenHw(CF31FAC5-C24E-11D2-85F3-00A0C93EC93B,81)\HD(4,GPT,9684CC42-3E53-495C-8021-17F310AFD138,0x774B800,0x75FAB68)
1:169  0:000  - [09]: Volume: PcieRoot(0x0)\Pci(0x17,0x0)\VenHw(CF31FAC5-C24E-11D2-85F3-00A0C93EC93B,81)\HD(5,GPT,50F853C2-62D3-435F-8FC6-0EF3CF4CF5B4,0xED46368,0x135F20)
1:169  0:000  PutNvramPlistToRtVars: nvram.plist not found
1:169  0:000  === [ InitTheme ] =========================================
1:169  0:000  Using theme 'Simple' (EFI\CLOVER\themes\Simple)
1:169  0:000  OS main and drive as badge
1:172  0:002  Loading font from ThemeDir: Success
1:172  0:000  Choosing theme Simple
1:172  0:000  after NVRAM boot-args=dart=0 nv_disable=1 kext-dev-mode=1 -disablegfxfirmware
1:172  0:000  === [ Dump SMC keys from NVRAM ] ==========================
1:172  0:000  no AppleSMC protocol
1:172  0:000  === [ AddCustomEntries ] ==================================
1:172  0:000  Custom entry 0 Title:"Recovery" Path:"\com.apple.recovery.boot\boot.efi" Type:10 Flags:0x6 matching all volumes
1:172  0:000      Checking volume "EFI" (PcieRoot(0x0)\Pci(0x17,0x0)\VenHw(CF31FAC5-C24E-11D2-85F3-00A0C93EC93B,80)\HD(1,GPT,6915CD2D-2D89-4DA8-BE43-C8E367B9A60C,0x28,0x64000)) ... skipped because path does not exist
1:172  0:000      Checking volume "EFI" (PcieRoot(0x0)\Pci(0x17,0x0)\VenHw(CF31FAC5-C24E-11D2-85F3-00A0C93EC93B,81)\HD(1,GPT,1B37E65D-26E2-4871-8877-A487BC34C86E,0x800,0x64000)) ... skipped because path does not exist
1:172  0:000      Checking volume "Mac" (PcieRoot(0x0)\Pci(0x17,0x0)\VenHw(CF31FAC5-C24E-11D2-85F3-00A0C93EC93B,81)\HD(4,GPT,9684CC42-3E53-495C-8021-17F310AFD138,0x774B800,0x75FAB68)) ... skipped because path does not exist
1:172  0:000      Checking volume "Recovery HD" (PcieRoot(0x0)\Pci(0x17,0x0)\VenHw(CF31FAC5-C24E-11D2-85F3-00A0C93EC93B,81)\HD(5,GPT,50F853C2-62D3-435F-8FC6-0EF3CF4CF5B4,0xED46368,0x135F20)) ... match!
1:177  0:004  Custom settings: <null string>.plist will  be applied
1:177  0:000  Custom entry 1 Title:"Windows" Path:"\EFI\Microsoft\Boot\bootmgfw.efi" Options:"-s -h" Type:7 Flags:0x0 matching all volumes
1:177  0:000      Checking volume "EFI" (PcieRoot(0x0)\Pci(0x17,0x0)\VenHw(CF31FAC5-C24E-11D2-85F3-00A0C93EC93B,80)\HD(1,GPT,6915CD2D-2D89-4DA8-BE43-C8E367B9A60C,0x28,0x64000)) ... skipped because path does not exist
1:177  0:000      Checking volume "EFI" (PcieRoot(0x0)\Pci(0x17,0x0)\VenHw(CF31FAC5-C24E-11D2-85F3-00A0C93EC93B,81)\HD(1,GPT,1B37E65D-26E2-4871-8877-A487BC34C86E,0x800,0x64000)) ... match!
1:183  0:005  Custom settings: <null string>.plist will  be applied
1:183  0:000      Checking volume "Mac" (PcieRoot(0x0)\Pci(0x17,0x0)\VenHw(CF31FAC5-C24E-11D2-85F3-00A0C93EC93B,81)\HD(4,GPT,9684CC42-3E53-495C-8021-17F310AFD138,0x774B800,0x75FAB68)) ... skipped because path does not exist
1:183  0:000      Checking volume "Recovery HD" (PcieRoot(0x0)\Pci(0x17,0x0)\VenHw(CF31FAC5-C24E-11D2-85F3-00A0C93EC93B,81)\HD(5,GPT,50F853C2-62D3-435F-8FC6-0EF3CF4CF5B4,0xED46368,0x135F20)) ... skipped because path does not exist
1:183  0:000  === [ ScanLoader ] ========================================
1:183  0:000  - [02]: 'EFI'
1:197  0:013  - [05]: 'EFI'
1:197  0:000          AddLoaderEntry for Volume Name=EFI
1:197  0:000       skipped because path `PcieRoot(0x0)\Pci(0x17,0x0)\VenHw(CF31FAC5-C24E-11D2-85F3-00A0C93EC93B,81)\HD(1,GPT,1B37E65D-26E2-4871-8877-A487BC34C86E,0x800,0x64000)\EFI\microsoft\Boot\bootmgfw.efii` already exists for another entry!
1:208  0:011  - [08]: 'Mac'
1:210  0:002          AddLoaderEntry for Volume Name=Mac
1:212  0:001      hibernated: set as never
1:223  0:010  - [09]: 'Recovery HD'
1:223  0:000          AddLoaderEntry for Volume Name=Recovery HD
1:223  0:000       skipped because path `PcieRoot(0x0)\Pci(0x17,0x0)\VenHw(CF31FAC5-C24E-11D2-85F3-00A0C93EC93B,81)\HD(5,GPT,50F853C2-62D3-435F-8FC6-0EF3CF4CF5B4,0xED46368,0x135F20)\com.apple.recovery.boot\boot.efii` already exists for another entry!
1:233  0:009  === [ AddCustomTool ] =====================================
1:233  0:000  found tool \EFI\CLOVER\tools\Shell64U.efi
1:233  0:000  Checking EFI partition Volume 2 for Clover
1:233  0:000  Checking EFI partition Volume 5 for Clover
1:233  0:000   Found Clover
1:235  0:001  === [ GetEfiBootDeviceFromNvram ] =========================
1:235  0:000  Default boot entry not found
1:235  0:000  DefaultIndex=-1 and MainMenu.EntryCount=9
2:007  0:772  GUI ready
4:662  2:654  Found BIOS RSDP at F05B0
4:662  0:000  Saving ACPI tables from RSDP F05B0 to EFI\CLOVER\ACPI\origin ...
4:662  0:000   F05B0: 'RSD PTR ', Rev: 2 (Acpi 2.0 or newer), Len: 36 -> RSDP.aml
4:683  0:020    (Xsdt: 772BF0B0, Rsdt: 772BF028)
4:683  0:000    772BF0B0: 'XSDT', 'QA09', Rev: 1, Len: 220 -> XSDT.aml
4:698  0:014    772BF028: 'RSDT', 'QA09', Rev: 1, Len: 128 -> RSDT.aml
4:709  0:011    Tables in Xsdt: 23
4:709  0:000    0. 772D8710: 'FACP', 'QA09', Rev: 5, Len: 268 -> FACP.aml
4:720  0:010        (Dsdt: 772BF218, Facs: 77AC4F80, XDsdt: 772BF218, XFacs: 0)
4:720  0:000        772BF218: 'DSDT', 'QA09', Rev: 2, Len: 103668 -> DSDT.aml
4:738  0:018        77AC4F80: 'FACS', Ver: 2, Len: 64 -> FACS.aml
4:749  0:011    1. 772D8820: 'APIC', 'QA09', Rev: 3, Len: 132 -> APIC.aml
4:760  0:011    2. 772D88A8: 'FPDT', 'QA09', Rev: 1, Len: 68 -> FPDT.aml
4:771  0:010    3. 772D88F0: 'FIDT', 'QA09', Rev: 1, Len: 156 -> FIDT.aml
4:782  0:011    4. 772D8990: 'MCFG', 'QA09', Rev: 1, Len: 60 -> MCFG.aml
4:794  0:011    5. 772D89D0: 'HPET', 'QA09', Rev: 1, Len: 56 -> HPET.aml
4:805  0:011    6. 772D8A08: 'SSDT', 'SataTabl', Rev: 1, Len: 789 -> SSDT-0-SataTabl.aml
4:816  0:010    7. 772D8D20: 'LPIT', 'SKL', Rev: 1, Len: 148 -> LPIT.aml
4:827  0:010    8. 772D8DB8: 'SSDT', 'sensrhub', Rev: 2, Len: 584 -> SSDT-1-sensrhub.aml
4:839  0:011    9. 772D9000: 'SSDT', 'PtidDevc', Rev: 2, Len: 3793 -> SSDT-2-PtidDevc.aml
4:850  0:011    10. 772D9ED8: 'SSDT', 'Ther_Rvp', Rev: 2, Len: 3141 -> SSDT-3-Ther_Rvp.aml
4:862  0:011    11. 772DAB20: 'DBGP', '', Rev: 1, Len: 52 -> DBGP.aml
4:873  0:010    12. 772DAB58: 'DBG2', '', Rev: 0, Len: 84 -> DBG2.aml
4:884  0:010    13. 772DABB0: 'SSDT', 'DptfTabl', Rev: 2, Len: 13782 -> SSDT-4-DptfTabl.aml
4:899  0:014    14. 772DE188: 'BOOT', 'QA09', Rev: 1, Len: 40 -> BOOT.aml
4:909  0:010    15. 772DE1B0: 'SLIC', 'QA09', Rev: 1, Len: 374 -> SLIC.aml
4:921  0:011    16. 772DE328: 'SSDT', 'SaSsdt', Rev: 2, Len: 21430 -> SSDT-5-SaSsdt.aml
4:932  0:011    17. 772E36E0: 'UEFI', '', Rev: 1, Len: 66 -> UEFI.aml
4:943  0:010    18. 772E3728: 'MSDM', 'QA09', Rev: 3, Len: 85 -> MSDM.aml
4:954  0:010    19. 772E3780: 'SSDT', 'CpuSsdt', Rev: 2, Len: 3672 -> SSDT-6-CpuSsdt.aml (Found hidden SSDT 7 pcs)
4:965  0:010        * 76451618: 'SSDT', 'Cpu0Ist', Rev: 2, Len: 1401  53 53 44 54 79 05 00 00 02 50 50 6D 52 65 66 00 Internal length = 1401 -> SSDT-x6_0-Cpu0Ist.aml
4:976  0:011        * 76451018: 'SSDT', 'ApIst', Rev: 2, Len: 1450  53 53 44 54 AA 05 00 00 02 CE 50 6D 52 65 66 00 Internal length = 1450 -> SSDT-x6_1-ApIst.aml
4:987  0:011        * 76451C18: 'SSDT', 'Cpu0Cst', Rev: 2, Len: 895  53 53 44 54 7F 03 00 00 02 65 50 6D 52 65 66 00 Internal length = 895 -> SSDT-x6_2-Cpu0Cst.aml
4:998  0:010        * 77053C18: 'SSDT', 'ApCst', Rev: 2, Len: 281  53 53 44 54 19 01 00 00 02 EA 50 6D 52 65 66 00 Internal length = 281 -> SSDT-x6_3-ApCst.aml
5:009  0:010        * 7481A618: 'SSDT', 'Cpu0Hwp', Rev: 2, Len: 142  53 53 44 54 8E 00 00 00 02 2B 50 6D 52 65 66 00 Internal length = 142 -> SSDT-x6_4-Cpu0Hwp.aml
5:021  0:011        * 74D19018: 'SSDT', 'ApHwp', Rev: 2, Len: 281  53 53 44 54 19 01 00 00 02 FD 50 6D 52 65 66 00 Internal length = 281 -> SSDT-x6_5-ApHwp.aml
5:031  0:010        * 74811D98: 'SSDT', 'HwpLvt', Rev: 2, Len: 304  53 53 44 54 30 01 00 00 02 85 50 6D 52 65 66 00 Internal length = 304 -> SSDT-x6_6-HwpLvt.aml
5:043  0:011  
5:043  0:000    20. 772E45D8: 'SSDT', 'SgPeg', Rev: 2, Len: 209 -> SSDT-7-SgPeg.aml
5:054  0:010    21. 772E46B0: 'DMAR', 'SKL', Rev: 1, Len: 204 -> DMAR.aml
5:065  0:010    22. 772E4780: 'SSDT', 'OptTabl', Rev: 1, Len: 6655 -> SSDT-8-OptTabl.aml
5:077  0:012    Tables in Rsdt: 23
5:077  0:000    0. 772BF190: 'FACP', 'QA09', Rev: 2, Len: 132 -> RSDT-FACP.aml
5:087  0:010        (Dsdt: 772BF218, Facs: 77AC4F40)
5:087  0:000        772BF218: 'DSDT', 'QA09', Rev: 2, Len: 103668
5:090  0:002        77AC4F40: 'FACS', Ver: 0, Len: 64 -> RSDT-FACS.aml
5:100  0:010    1. 772D8820: 'APIC', 'QA09', Rev: 3, Len: 132
5:100  0:000    2. 772D88A8: 'FPDT', 'QA09', Rev: 1, Len: 68
5:100  0:000    3. 772D88F0: 'FIDT', 'QA09', Rev: 1, Len: 156
5:100  0:000    4. 772D8990: 'MCFG', 'QA09', Rev: 1, Len: 60
5:100  0:000    5. 772D89D0: 'HPET', 'QA09', Rev: 1, Len: 56
5:100  0:000    6. 772D8A08: 'SSDT', 'SataTabl', Rev: 1, Len: 789
5:100  0:000    7. 772D8D20: 'LPIT', 'SKL', Rev: 1, Len: 148
5:100  0:000    8. 772D8DB8: 'SSDT', 'sensrhub', Rev: 2, Len: 584
5:100  0:000    9. 772D9000: 'SSDT', 'PtidDevc', Rev: 2, Len: 3793
5:100  0:000    10. 772D9ED8: 'SSDT', 'Ther_Rvp', Rev: 2, Len: 3141
5:100  0:000    11. 772DAB20: 'DBGP', '', Rev: 1, Len: 52
5:100  0:000    12. 772DAB58: 'DBG2', '', Rev: 0, Len: 84
5:100  0:000    13. 772DABB0: 'SSDT', 'DptfTabl', Rev: 2, Len: 13782
5:100  0:000    14. 772DE188: 'BOOT', 'QA09', Rev: 1, Len: 40
5:100  0:000    15. 772DE1B0: 'SLIC', 'QA09', Rev: 1, Len: 374
5:100  0:000    16. 772DE328: 'SSDT', 'SaSsdt', Rev: 2, Len: 21430
5:100  0:000    17. 772E36E0: 'UEFI', '', Rev: 1, Len: 66
5:100  0:000    18. 772E3728: 'MSDM', 'QA09', Rev: 3, Len: 85
5:100  0:000    19. 772E3780: 'SSDT', 'CpuSsdt', Rev: 2, Len: 3672
5:100  0:000    20. 772E45D8: 'SSDT', 'SgPeg', Rev: 2, Len: 209
5:100  0:000    21. 772E46B0: 'DMAR', 'SKL', Rev: 1, Len: 204
5:100  0:000    22. 772E4780: 'SSDT', 'OptTabl', Rev: 1, Len: 6655
5:100  0:000  Found UEFI Acpi 2.0 RSDP at 70765000
5:100  0:000  Printing ACPI tables from RSDP 70765000 ...
5:100  0:000   70765000: 'RSD PTR ', Rev: 2 (Acpi 2.0 or newer), Len: 36
5:100  0:000    (Xsdt: 772BF0B0, Rsdt: 772BF028)
5:100  0:000    772BF0B0: 'XSDT', 'QA09', Rev: 1, Len: 220
5:100  0:000    772BF028: 'RSDT', 'QA09', Rev: 1, Len: 128
5:100  0:000    Tables in Xsdt: 23
5:100  0:000    0. 772D8710: 'FACP', 'QA09', Rev: 5, Len: 268
5:100  0:000        (Dsdt: 772BF218, Facs: 77AC4F80, XDsdt: 772BF218, XFacs: 0)
5:100  0:000        772BF218: 'DSDT', 'QA09', Rev: 2, Len: 103668
5:102  0:002        77AC4F80: 'FACS', Ver: 2, Len: 64
5:102  0:000    1. 772D8820: 'APIC', 'QA09', Rev: 3, Len: 132
5:102  0:000    2. 772D88A8: 'FPDT', 'QA09', Rev: 1, Len: 68
5:102  0:000    3. 772D88F0: 'FIDT', 'QA09', Rev: 1, Len: 156
5:102  0:000    4. 772D8990: 'MCFG', 'QA09', Rev: 1, Len: 60
5:102  0:000    5. 772D89D0: 'HPET', 'QA09', Rev: 1, Len: 56
5:102  0:000    6. 772D8A08: 'SSDT', 'SataTabl', Rev: 1, Len: 789
5:102  0:000    7. 772D8D20: 'LPIT', 'SKL', Rev: 1, Len: 148
5:102  0:000    8. 772D8DB8: 'SSDT', 'sensrhub', Rev: 2, Len: 584
5:102  0:000    9. 772D9000: 'SSDT', 'PtidDevc', Rev: 2, Len: 3793
5:102  0:000    10. 772D9ED8: 'SSDT', 'Ther_Rvp', Rev: 2, Len: 3141
5:102  0:000    11. 772DAB20: 'DBGP', '', Rev: 1, Len: 52
5:102  0:000    12. 772DAB58: 'DBG2', '', Rev: 0, Len: 84
5:102  0:000    13. 772DABB0: 'SSDT', 'DptfTabl', Rev: 2, Len: 13782
5:102  0:000    14. 772DE188: 'BOOT', 'QA09', Rev: 1, Len: 40
5:102  0:000    15. 772DE1B0: 'SLIC', 'QA09', Rev: 1, Len: 374
5:102  0:000    16. 772DE328: 'SSDT', 'SaSsdt', Rev: 2, Len: 21430
5:102  0:000    17. 772E36E0: 'UEFI', '', Rev: 1, Len: 66
5:102  0:000    18. 772E3728: 'MSDM', 'QA09', Rev: 3, Len: 85
5:102  0:000    19. 772E3780: 'SSDT', 'CpuSsdt', Rev: 2, Len: 3672
5:102  0:000    20. 772E45D8: 'SSDT', 'SgPeg', Rev: 2, Len: 209
5:102  0:000    21. 772E46B0: 'DMAR', 'SKL', Rev: 1, Len: 204
5:102  0:000    22. 772E4780: 'SSDT', 'OptTabl', Rev: 1, Len: 6655
5:102  0:000    Tables in Rsdt: 23
5:102  0:000    0. 772BF190: 'FACP', 'QA09', Rev: 2, Len: 132
5:102  0:000        (Dsdt: 772BF218, Facs: 77AC4F40)
5:102  0:000        772BF218: 'DSDT', 'QA09', Rev: 2, Len: 103668
5:105  0:002        77AC4F40: 'FACS', Ver: 0, Len: 64
5:105  0:000    1. 772D8820: 'APIC', 'QA09', Rev: 3, Len: 132
5:105  0:000    2. 772D88A8: 'FPDT', 'QA09', Rev: 1, Len: 68
5:105  0:000    3. 772D88F0: 'FIDT', 'QA09', Rev: 1, Len: 156
5:105  0:000    4. 772D8990: 'MCFG', 'QA09', Rev: 1, Len: 60
5:105  0:000    5. 772D89D0: 'HPET', 'QA09', Rev: 1, Len: 56
5:105  0:000    6. 772D8A08: 'SSDT', 'SataTabl', Rev: 1, Len: 789
5:105  0:000    7. 772D8D20: 'LPIT', 'SKL', Rev: 1, Len: 148
5:105  0:000    8. 772D8DB8: 'SSDT', 'sensrhub', Rev: 2, Len: 584
5:105  0:000    9. 772D9000: 'SSDT', 'PtidDevc', Rev: 2, Len: 3793
5:105  0:000    10. 772D9ED8: 'SSDT', 'Ther_Rvp', Rev: 2, Len: 3141
5:105  0:000    11. 772DAB20: 'DBGP', '', Rev: 1, Len: 52
5:105  0:000    12. 772DAB58: 'DBG2', '', Rev: 0, Len: 84
5:105  0:000    13. 772DABB0: 'SSDT', 'DptfTabl', Rev: 2, Len: 13782
5:105  0:000    14. 772DE188: 'BOOT', 'QA09', Rev: 1, Len: 40
5:105  0:000    15. 772DE1B0: 'SLIC', 'QA09', Rev: 1, Len: 374
5:105  0:000    16. 772DE328: 'SSDT', 'SaSsdt', Rev: 2, Len: 21430
5:105  0:000    17. 772E36E0: 'UEFI', '', Rev: 1, Len: 66
5:105  0:000    18. 772E3728: 'MSDM', 'QA09', Rev: 3, Len: 85
5:105  0:000    19. 772E3780: 'SSDT', 'CpuSsdt', Rev: 2, Len: 3672
5:105  0:000    20. 772E45D8: 'SSDT', 'SgPeg', Rev: 2, Len: 209
5:105  0:000    21. 772E46B0: 'DMAR', 'SKL', Rev: 1, Len: 204
5:105  0:000    22. 772E4780: 'SSDT', 'OptTabl', Rev: 1, Len: 6655
6:391  1:286  BootVariable of the entry is empty
6:391  0:000  === [ StartLoader ] =======================================
6:391  0:000  Finally: ExternalClock=25MHz BusSpeed=100175kHz CPUFreq=2304MHz PIS: hw.busfrequency=100000000Hz
6:391  0:000  Loading boot.efi  status=Success
6:611  0:219  GetOSVersion: 10.13.4 (17E202)
6:611  0:000  CSR_CFG: CSR_ALLOW_UNTRUSTED_KEXTS | CSR_ALLOW_UNRESTRICTED_FS | CSR_ALLOW_TASK_FOR_PID | CSR_ALLOW_UNRESTRICTED_DTRACE | CSR_ALLOW_UNRESTRICTED_NVRAM
6:611  0:000  Filtering KextPatches:
6:611  0:000   - [00]: com.apple.iokit.IOAHCIBlockStorage (Enable TRIM for SSD) :: BinPatch :: [OS: 10.13.4 | MatchOS: All | MatchBuild: All] ==> allowed
6:611  0:000   - [01]: com.apple.driver.AirPort.Brcm4360 (AirPortBrcm4360 - fcvo, 10.12.x (credit the-darkvoid)) :: BinPatch :: [OS: 10.13.4 | MatchOS: All | MatchBuild: All] ==> allowed
6:611  0:000   - [02]: AppleHDA (NoLabel) :: BinPatch :: [OS: 10.13.4 | MatchOS: All | MatchBuild: All] ==> allowed
6:611  0:000   - [03]: AppleHDA (NoLabel) :: BinPatch :: [OS: 10.13.4 | MatchOS: All | MatchBuild: All] ==> allowed
6:611  0:000   - [04]: AppleHDA (NoLabel) :: BinPatch :: [OS: 10.13.4 | MatchOS: All | MatchBuild: All] ==> allowed
6:611  0:000   - [05]: AppleHDA (NoLabel) :: BinPatch :: [OS: 10.13.4 | MatchOS: All | MatchBuild: All] ==> allowed
6:611  0:000   - [06]: AppleHDA (NoLabel) :: BinPatch :: [OS: 10.13.4 | MatchOS: All | MatchBuild: All] ==> allowed
6:611  0:000   - [07]: com.apple.driver.AppleBacklight (change F%uT%04x to F%uTxxxx in AppleBacklightInjector.kext (credit RehabMan)) :: BinPatch :: [OS: 10.13.4 | MatchOS: All | MatchBuild: All] ==> allowed
6:611  0:000  Filtering KernelPatches:
6:611  0:000   - [00]: MSR 0xE2 _xcpm_idle instant reboot(c) Pike R. Alpha :: [OS: 10.13.4 | MatchOS: 10.12.x | MatchBuild: no] ==> disabled by user
6:611  0:000   - [01]: Disable panic kext logging on 10.13 debug kernel (credit Vandroiy) :: [OS: 10.13.4 | MatchOS: 10.13.x | MatchBuild: no] ==> allowed by OS
6:611  0:000   - [02]: Disable panic kext logging on 10.13 release kernel (credit Vandroiy) :: [OS: 10.13.4 | MatchOS: 10.13.x | MatchBuild: no] ==> allowed by OS
6:611  0:000  Will not patch boot.efi
6:611  0:000  === [ PatchSmbios ] =======================================
6:611  0:000  insert table 9 for dev 0:0
6:611  0:000  insert table 9 for dev 0:0
6:612  0:001  Trusting SMBIOS...
6:612  0:000  Detected alternating SMBIOS channel banks
6:612  0:000  Channels: 2
6:612  0:000  Interleave: 0 2 1 3 4 6 5 7 8 10 9 11 12 14 13 15 16 18 17 19 20 22 21 23
6:612  0:000   partNum=CT102464BF160B.C16
6:612  0:000  SMBIOS Type 17 Index = 0 => 0 0:
6:612  0:000  BANK 0 DIMM0 1600MHz 8192MB
6:612  0:000   partNum=8KTF51264HZ-1G6P1 
6:612  0:000  SMBIOS Type 17 Index = 1 => 1 2:
6:612  0:000  BANK 1 DIMM0 1600MHz 4096MB
6:612  0:000  mTotalSystemMemory = 12288
6:612  0:000  NumberOfMemoryDevices = 2
6:612  0:000  Type20[0]->End = 0x7FFFFF, Type17[0] = 0x2000
6:612  0:000  Type20[1]->End = 0xBFFFFF, Type17[1] = 0x5000
6:612  0:000  Table 131 is present, CPUType=31
6:612  0:000  Change to: 605
6:612  0:000  === [ PatchACPI ] =========================================
6:612  0:000  Xsdt reallocation done
6:612  0:000  old FADT length=10C
6:612  0:000   SignatureFixup: 0xEE7894CE -> 0x0
6:612  0:000  Apply DsdtFixMask=0x00260050
6:612  0:000     drop _DSM mask=0xFFFF
6:612  0:000  === [ FixBiosDsdt ] =======================================
6:612  0:000  VideoCard devID=0x191B8086
6:612  0:000  DisplayADR1[0] = 0x20000, DisplayADR2[0] = 0xFFFE
6:612  0:000  USBADR[0] = 0x140000 and PCIe = 0xFFFE
6:612  0:000  Found Airport BCM at 0x1C0005, 0x0
6:613  0:000  Patching DSDT:
6:613  0:000   - [change _DSM to XDSM]: pattern 5F44534D, patched at: [ (2FA5) (3AC) (388) (388) (388) (388) (388) (388) (388) (388) (388) (395) (388) (388) (388) (388) (388) (388) (388) (388) (388) (1C18) (97) (52) (DDB) (E88) (468) (11) (51) (22) (21) (15) (14) (1E) (13B8) (EE) (EE) (EE) (EE) (EE) (D9) (D9) (12A) (12A) (12A) (1F2) (1A1) (308) (10B9) (14A) (B8) (4C) (1787) (4057) (12A5) ]
6:613  0:000   - [change _OSI to XOSI, pair with SSDT-XOSI.aml]: pattern 5F4F5349, patched at: [ (7DA4) (7F74) (3) (11) (18) (1C) (1C) (1A) (18) (18) (18) (18) ]
6:613  0:000   - [change GFX0 to IGPU, optionally pair with SSDT-IGPU.aml]: pattern 47465830, patched at: [ (2F8E) (4FE1) (72F4) (1B) (2FE7) (14) (1E5) (1666) (1649) (1FDB) (858) (2F) (1D) (F) (2B5) (2F) (1D) (F) (96F) (12) (5) (2CC) (D) (13) (E) (E) (E) ]
6:613  0:000   - [change HDAS to HDEF, optionally pair with SSDT-HDEF.aml]: pattern 48444153, patched at: [ (90CD) (223B) (86) (D) (A1) (6A) ]
6:613  0:000   - [change Method(GPRW,2,N) to XPRW, pair with SSDT-GPRW.aml]: pattern 47505257, patched at: [ (1024E) ]
6:614  0:000   - [change Method (_BIF > Method (XBIF, pair with SSDT-BATT.aml]: pattern 5F424946, patched at: [ (18FED) ]
6:614  0:000   - [change Method (_BST > Method (XBST, pair with SSDT-BATT.aml]: pattern 5F425354, patched at: [ (193C9) ]
6:614  0:000  first CPU found at 7A9D offset 7AA0
6:614  0:000  score candidate at 7A99
6:614  0:000  score inserted in acpi_cpu_score _PR_
6:614  0:000  Found ACPI CPU: CPU0 | CPU1 | CPU2 | CPU3 | CPU4 | CPU5 | CPU6 | CPU7 , within the score: _PR_
6:614  0:000  Found PCIROOTUID = 0
6:614  0:000  Start RTC Fix
6:615  0:000  found RTC Length not match, Maybe will cause CMOS reset will patch it.
6:615  0:000  found RTC had IRQNoFlag will move -3 bytes
6:615  0:000  ...len=194F1
6:615  0:000  new size written to 14FDC shift=0 len=194F1
6:615  0:000  len after correct outers 194F1
6:615  0:000  Start TMR Fix
6:615  0:000  Start PIC Fix
6:616  0:000  PIC size=A5 at 14DF7
6:616  0:000  found CRS at 14E0B size 8D
6:616  0:000  found PIC had IRQNoFlag will move -3 bytes
6:616  0:000  Fix Device PIC size -3
6:616  0:000  Start HPET Fix
6:616  0:000  Start _WAK Return Fix
6:616  0:000  _WAK Method find return data, don't need to patch.
6:617  0:000  return len=194CF
6:617  0:000  PreCleanup XSDT: count=23, length=220
6:617  0:000  PreCleanup XSDT, corrected XSDT: count=23, length=220
6:617  0:000  === [ ACPIPatchedAML ] ====================================
6:617  0:000  AutoMerge pass 1
6:617  0:000  Unsorted
6:617  0:000  Inserting SSDT-XOSI.aml from EFI\CLOVER\ACPI\patched: ignore on pass 1
6:617  0:000  Inserting SSDT-HDEF.aml from EFI\CLOVER\ACPI\patched: ignore on pass 1
6:617  0:000  Inserting SSDT-GPRW.aml from EFI\CLOVER\ACPI\patched: ignore on pass 1
6:617  0:000  Inserting SSDT-Disable_DGPU.aml from EFI\CLOVER\ACPI\patched: ignore on pass 1
6:617  0:000  Inserting SSDT-UIAC-ALL.aml from EFI\CLOVER\ACPI\patched: ignore on pass 1
6:617  0:000  Inserting SSDT-PNLF.aml from EFI\CLOVER\ACPI\patched: ignore on pass 1
6:617  0:000  Inserting SSDT-BATT.aml from EFI\CLOVER\ACPI\patched: ignore on pass 1
6:617  0:000  === [ ACPIDropTables ] ====================================
6:617  0:000  Drop tables from XSDT, SIGN=DMAR TableID=SKL  Length=204
6:617  0:000   Table[21]: DMAR  SKL   204 dropped
6:617  0:000  === [ PatchAllSSDT ] ======================================
6:617  0:000  Patch table: SSDT  SataTabl len=0x315
6:617  0:000  0. [change _DSM to XDSM]: pattern 5F44534D, bin not found / already patched!
6:617  0:000  1. [change _OSI to XOSI, pair with SSDT-XOSI.aml]: pattern 5F4F5349, bin not found / already patched!
6:617  0:000  2. [change GFX0 to IGPU, optionally pair with SSDT-IGPU.aml]: pattern 47465830, bin not found / already patched!
6:617  0:000  3. [change HDAS to HDEF, optionally pair with SSDT-HDEF.aml]: pattern 48444153, bin not found / already patched!
6:617  0:000  4. [change Method(GPRW,2,N) to XPRW, pair with SSDT-GPRW.aml]: pattern 47505257, bin not found / already patched!
6:617  0:000  5. [change Method (_BIF > Method (XBIF, pair with SSDT-BATT.aml]: pattern 5F424946, bin not found / already patched!
6:617  0:000  6. [change Method (_BST > Method (XBST, pair with SSDT-BATT.aml]: pattern 5F425354, bin not found / already patched!
6:617  0:000  Patch table: SSDT  sensrhub len=0x248
6:617  0:000  0. [change _DSM to XDSM]: pattern 5F44534D, patched at: [ (51) ]
6:617  0:000  1. [change _OSI to XOSI, pair with SSDT-XOSI.aml]: pattern 5F4F5349, bin not found / already patched!
6:617  0:000  2. [change GFX0 to IGPU, optionally pair with SSDT-IGPU.aml]: pattern 47465830, bin not found / already patched!
6:617  0:000  3. [change HDAS to HDEF, optionally pair with SSDT-HDEF.aml]: pattern 48444153, bin not found / already patched!
6:617  0:000  4. [change Method(GPRW,2,N) to XPRW, pair with SSDT-GPRW.aml]: pattern 47505257, bin not found / already patched!
6:617  0:000  5. [change Method (_BIF > Method (XBIF, pair with SSDT-BATT.aml]: pattern 5F424946, bin not found / already patched!
6:617  0:000  6. [change Method (_BST > Method (XBST, pair with SSDT-BATT.aml]: pattern 5F425354, bin not found / already patched!
6:617  0:000  Patch table: SSDT  PtidDevc len=0xED1
6:617  0:000  0. [change _DSM to XDSM]: pattern 5F44534D, bin not found / already patched!
6:617  0:000  1. [change _OSI to XOSI, pair with SSDT-XOSI.aml]: pattern 5F4F5349, bin not found / already patched!
6:617  0:000  2. [change GFX0 to IGPU, optionally pair with SSDT-IGPU.aml]: pattern 47465830, bin not found / already patched!
6:617  0:000  3. [change HDAS to HDEF, optionally pair with SSDT-HDEF.aml]: pattern 48444153, bin not found / already patched!
6:617  0:000  4. [change Method(GPRW,2,N) to XPRW, pair with SSDT-GPRW.aml]: pattern 47505257, bin not found / already patched!
6:617  0:000  5. [change Method (_BIF > Method (XBIF, pair with SSDT-BATT.aml]: pattern 5F424946, bin not found / already patched!
6:617  0:000  6. [change Method (_BST > Method (XBST, pair with SSDT-BATT.aml]: pattern 5F425354, bin not found / already patched!
6:617  0:000  Patch table: SSDT  Ther_Rvp len=0xC45
6:617  0:000  0. [change _DSM to XDSM]: pattern 5F44534D, bin not found / already patched!
6:617  0:000  1. [change _OSI to XOSI, pair with SSDT-XOSI.aml]: pattern 5F4F5349, bin not found / already patched!
6:617  0:000  2. [change GFX0 to IGPU, optionally pair with SSDT-IGPU.aml]: pattern 47465830, bin not found / already patched!
6:617  0:000  3. [change HDAS to HDEF, optionally pair with SSDT-HDEF.aml]: pattern 48444153, bin not found / already patched!
6:617  0:000  4. [change Method(GPRW,2,N) to XPRW, pair with SSDT-GPRW.aml]: pattern 47505257, bin not found / already patched!
6:617  0:000  5. [change Method (_BIF > Method (XBIF, pair with SSDT-BATT.aml]: pattern 5F424946, bin not found / already patched!
6:617  0:000  6. [change Method (_BST > Method (XBST, pair with SSDT-BATT.aml]: pattern 5F425354, bin not found / already patched!
6:617  0:000  Patch table: SSDT  DptfTabl len=0x35D6
6:617  0:000  0. [change _DSM to XDSM]: pattern 5F44534D, bin not found / already patched!
6:617  0:000  1. [change _OSI to XOSI, pair with SSDT-XOSI.aml]: pattern 5F4F5349, bin not found / already patched!
6:617  0:000  2. [change GFX0 to IGPU, optionally pair with SSDT-IGPU.aml]: pattern 47465830, bin not found / already patched!
6:617  0:000  3. [change HDAS to HDEF, optionally pair with SSDT-HDEF.aml]: pattern 48444153, bin not found / already patched!
6:617  0:000  4. [change Method(GPRW,2,N) to XPRW, pair with SSDT-GPRW.aml]: pattern 47505257, bin not found / already patched!
6:617  0:000  5. [change Method (_BIF > Method (XBIF, pair with SSDT-BATT.aml]: pattern 5F424946, bin not found / already patched!
6:617  0:000  6. [change Method (_BST > Method (XBST, pair with SSDT-BATT.aml]: pattern 5F425354, bin not found / already patched!
6:617  0:000  Patch table: SSDT  SaSsdt  len=0x53B6
6:617  0:000  0. [change _DSM to XDSM]: pattern 5F44534D, patched at: [ (4BC) (4C8) (2AB) (2B9E) ]
6:617  0:000  1. [change _OSI to XOSI, pair with SSDT-XOSI.aml]: pattern 5F4F5349, bin not found / already patched!
6:617  0:000  2. [change GFX0 to IGPU, optionally pair with SSDT-IGPU.aml]: pattern 47465830, patched at: [ (E6F) (1CC0) (A66) (1D) ]
6:617  0:000  3. [change HDAS to HDEF, optionally pair with SSDT-HDEF.aml]: pattern 48444153, bin not found / already patched!
6:617  0:000  4. [change Method(GPRW,2,N) to XPRW, pair with SSDT-GPRW.aml]: pattern 47505257, bin not found / already patched!
6:617  0:000  5. [change Method (_BIF > Method (XBIF, pair with SSDT-BATT.aml]: pattern 5F424946, bin not found / already patched!
6:617  0:000  6. [change Method (_BST > Method (XBST, pair with SSDT-BATT.aml]: pattern 5F425354, bin not found / already patched!
6:617  0:000  Patch table: SSDT  CpuSsdt len=0xE58
6:617  0:000  0. [change _DSM to XDSM]: pattern 5F44534D, bin not found / already patched!
6:617  0:000  1. [change _OSI to XOSI, pair with SSDT-XOSI.aml]: pattern 5F4F5349, bin not found / already patched!
6:617  0:000  2. [change GFX0 to IGPU, optionally pair with SSDT-IGPU.aml]: pattern 47465830, bin not found / already patched!
6:617  0:000  3. [change HDAS to HDEF, optionally pair with SSDT-HDEF.aml]: pattern 48444153, bin not found / already patched!
6:617  0:000  4. [change Method(GPRW,2,N) to XPRW, pair with SSDT-GPRW.aml]: pattern 47505257, bin not found / already patched!
6:617  0:000  5. [change Method (_BIF > Method (XBIF, pair with SSDT-BATT.aml]: pattern 5F424946, bin not found / already patched!
6:617  0:000  6. [change Method (_BST > Method (XBST, pair with SSDT-BATT.aml]: pattern 5F425354, bin not found / already patched!
6:617  0:000  Patch table: SSDT  SgPeg len=0xD1
6:617  0:000  0. [change _DSM to XDSM]: pattern 5F44534D, bin not found / already patched!
6:617  0:000  1. [change _OSI to XOSI, pair with SSDT-XOSI.aml]: pattern 5F4F5349, bin not found / already patched!
6:618  0:000  2. [change GFX0 to IGPU, optionally pair with SSDT-IGPU.aml]: pattern 47465830, bin not found / already patched!
6:618  0:000  3. [change HDAS to HDEF, optionally pair with SSDT-HDEF.aml]: pattern 48444153, bin not found / already patched!
6:618  0:000  4. [change Method(GPRW,2,N) to XPRW, pair with SSDT-GPRW.aml]: pattern 47505257, bin not found / already patched!
6:618  0:000  5. [change Method (_BIF > Method (XBIF, pair with SSDT-BATT.aml]: pattern 5F424946, bin not found / already patched!
6:618  0:000  6. [change Method (_BST > Method (XBST, pair with SSDT-BATT.aml]: pattern 5F425354, bin not found / already patched!
6:618  0:000  Patch table: SSDT  OptTabl len=0x19FF
6:618  0:000  0. [change _DSM to XDSM]: pattern 5F44534D, patched at: [ (24D) (172A) (41) (11) ]
6:618  0:000  1. [change _OSI to XOSI, pair with SSDT-XOSI.aml]: pattern 5F4F5349, patched at: [ (16B7) (17) ]
6:618  0:000  2. [change GFX0 to IGPU, optionally pair with SSDT-IGPU.aml]: pattern 47465830, patched at: [ (266) (F9) (527) (112A) (11) ]
6:618  0:000  3. [change HDAS to HDEF, optionally pair with SSDT-HDEF.aml]: pattern 48444153, bin not found / already patched!
6:618  0:000  4. [change Method(GPRW,2,N) to XPRW, pair with SSDT-GPRW.aml]: pattern 47505257, bin not found / already patched!
6:618  0:000  5. [change Method (_BIF > Method (XBIF, pair with SSDT-BATT.aml]: pattern 5F424946, bin not found / already patched!
6:618  0:000  6. [change Method (_BST > Method (XBST, pair with SSDT-BATT.aml]: pattern 5F425354, bin not found / already patched!
6:618  0:000  === [ ACPIPatchedAML ] ====================================
6:618  0:000  AutoMerge pass 2
6:618  0:000  Unsorted
6:618  0:000  Inserting SSDT-XOSI.aml from EFI\CLOVER\ACPI\patched: size=178 ... Success
6:618  0:000  Inserting SSDT-HDEF.aml from EFI\CLOVER\ACPI\patched: size=255 ... Success
6:618  0:000  Inserting SSDT-GPRW.aml from EFI\CLOVER\ACPI\patched: size=87 ... Success
6:618  0:000  Inserting SSDT-Disable_DGPU.aml from EFI\CLOVER\ACPI\patched: size=146 ... Success
6:618  0:000  Inserting SSDT-UIAC-ALL.aml from EFI\CLOVER\ACPI\patched: size=346 ... Success
6:619  0:001  Inserting SSDT-PNLF.aml from EFI\CLOVER\ACPI\patched: size=978 ... Success
6:620  0:000  Inserting SSDT-BATT.aml from EFI\CLOVER\ACPI\patched: size=1859 ... Success
6:623  0:002  CPUBase=0 and ApicCPUBase=1 ApicCPUNum=1
6:623  0:000  Maximum control=0x17
6:623  0:000  Turbo control=0x20
6:623  0:000  P-States: min 0x8, max 0x20
6:623  0:000  SSDT with plugin-type without P-States is generated
6:623  0:000  Cleanup XSDT: count=31, length=284
6:623  0:000  corrected XSDT count=30, length=276
6:623  0:000  === [ RestSetup macOS ] ===================================
6:623  0:000  EdidDiscovered size=128
6:623  0:000  --- Discovered EDID Table size:128
6:623  0:000  000  |  00  FF  FF  FF  FF  FF  FF  00  09  E5
6:623  0:000  010  |  2F  06  00  00  00  00  01  19  01  04
6:623  0:000  020  |  95  22  13  78  0A  24  10  97  59  54
6:623  0:000  030  |  8E  27  1E  50  54  00  00  00  01  01
6:623  0:000  040  |  01  01  01  01  01  01  01  01  01  01
6:623  0:000  050  |  01  01  01  01  3C  37  80  DE  70  38
6:623  0:000  060  |  14  40  30  20  36  00  58  C2  10  00
6:623  0:000  070  |  00  1A  30  2C  80  DE  70  38  14  40
6:623  0:000  080  |  30  20  36  00  58  C2  10  00  00  1A
6:623  0:000  090  |  00  00  00  FE  00  59  48  44  47  54
6:623  0:000  100  |  80  4E  56  31  35  4E  34  31  00  00
6:623  0:000  110  |  00  00  00  00  41  11  96  00  00  00
6:623  0:000  120  |  00  0A  01  0A  20  20  00  6A
6:623  0:000  Intel HD Graphics 530 [8086:191B] :: PcieRoot(0x0)\Pci(0x2,0x0)
6:623  0:000    Found Full HD Display - 16:9 :: Width=1920 Height=1080
6:623  0:000    Beginning DualLink auto-detection
6:623  0:000    High Resolution Display
6:623  0:000    AAPL00,DualLink = 1
6:623  0:000    FakeID Intel GFX: not set
6:623  0:000    ig-platform-id = 0x191B0006
6:623  0:000    Beginning Intel GFX auto-detection with ACPI injection
6:623  0:000    Found FakeID Intel GFX = 0x191B8086
6:623  0:000  Intel GFX revision  = 0x6
6:624  0:000   RCBA disabled; cannot use it
6:624  0:000   detected codec: 10EC:0256
6:624  0:000  stringlength = 2696
6:624  0:000  CurrentMode: Width=1920 Height=1080
6:624  0:000  Beginning FSInjection
6:624  0:000   - ERROR: gFSInjectProtocolGuid not found!
6:624  0:000  Use origin smbios table type 1 guid.
6:627  0:002  Preparing kexts injection for arch=x86_64 from EFI\CLOVER\kexts\Other
6:627  0:000  Extra kext: EFI\CLOVER\kexts\Other\USBInjectAll.kext (v.0.6.1)
6:667  0:039  Extra kext: EFI\CLOVER\kexts\Other\SATA-100-series-unsupported.kext (v.0.5.1)
6:667  0:000  Extra kext: EFI\CLOVER\kexts\Other\RealtekRTL8111.kext (v.2.2.1)
6:676  0:009  Extra kext: EFI\CLOVER\kexts\Other\Lilu.kext (v.1.2.3)
6:681  0:004  Extra kext: EFI\CLOVER\kexts\Other\IntelGraphicsFixup.kext (v.1.2.6)
6:684  0:003  Extra kext: EFI\CLOVER\kexts\Other\FakeSMC.kext (v.1787)
6:689  0:004  Extra kext: EFI\CLOVER\kexts\Other\FakeSMC_LPCSensors.kext (v.1787)
6:718  0:028  Extra kext: EFI\CLOVER\kexts\Other\FakeSMC_GPUSensors.kext (v.1787)
6:730  0:012  Extra kext: EFI\CLOVER\kexts\Other\FakeSMC_CPUSensors.kext (v.1787)
6:736  0:005  Extra kext: EFI\CLOVER\kexts\Other\FakeSMC_ACPISensors.kext (v.1787)
6:744  0:007  Extra kext: EFI\CLOVER\kexts\Other\FakePCIID.kext (v.1.3.11)
6:745  0:000  Extra kext: EFI\CLOVER\kexts\Other\FakePCIID_Intel_HDMI_Audio.kext (v.1.3.11)
6:749  0:003  Extra kext: EFI\CLOVER\kexts\Other\FakePCIID_Broadcom_WiFi.kext (v.1.3.11)
6:749  0:000  Extra kext: EFI\CLOVER\kexts\Other\BrcmPatchRAM2.kext (v.2.2.7)
6:766  0:017  Extra kext: EFI\CLOVER\kexts\Other\BrcmNonPatchRAM2.kext (v.2.2.7)
6:771  0:004  Extra kext: EFI\CLOVER\kexts\Other\BrcmFirmwareRepo.kext (v.2.2.7)
6:775  0:004  Extra kext: EFI\CLOVER\kexts\Other\BrcmFirmwareData.kext (v.2.2.7)
6:789  0:014  Extra kext: EFI\CLOVER\kexts\Other\ApplePS2SmartTouchPad.kext (v.4.6.8)
6:806  0:016    |-- PlugIn kext: EFI\CLOVER\kexts\Other\ApplePS2SmartTouchPad.kext\Contents\PlugIns\ApplePS2Keyboard.kext (v.4.6.8)
6:814  0:007    |-- PlugIn kext: EFI\CLOVER\kexts\Other\ApplePS2SmartTouchPad.kext\Contents\PlugIns\ApplePS2Controller.kext (v.4.6.8)
6:815  0:001  Extra kext: EFI\CLOVER\kexts\Other\AppleBacklightInjector.kext (v.0.9.0)
6:818  0:003  Extra kext: EFI\CLOVER\kexts\Other\ACPIBatteryManager.kext (v.1.81.4)
6:823  0:004  Extra kext: EFI\CLOVER\kexts\Other\AppleALC.kext (v.1.2.7)
6:836  0:012  SetScreenResolution: 1920x1080 - already set
6:836  0:000  Custom boot is disabled
6:836  0:000  Closing log
